*** Using Compiler 'V6.14', folder: 'D:\Keil_v5\ARM\ARMCLANG\Bin'
Build target 'HC32F460'
compiling Func_String.c...
compiling Func_Array.c...
compiling Bsp.c...
compiling Func_Hex.c...
compiling Crc8.c...
compiling main.c...
compiling Func_Null.c...
compiling TIM0.c...
compiling TIMA.c...
compiling UART0_Tx.c...
compiling UART0_Rx.c...
compiling UART0.c...
compiling UART2.c...
compiling UART2_Rx.c...
compiling UART2_Tx.c...
compiling UART3.c...
compiling UART3_Rx.c...
compiling UART3_Tx.c...
compiling Mcu.c...
compiling WDG.c...
compiling sFlash.c...
compiling IO.c...
compiling sADC.c...
compiling Drv.c...
compiling Ble.c...
compiling Wifi.c...
compiling Wifi_String.c...
compiling WifiRx.c...
compiling WifiRx_FPm.c...
compiling WifiRx_FPp.c...
compiling WifiRx_FPq.c...
compiling WifiRx_FPqb.c...
compiling WifiRx_FR.c...
compiling WifiTx.c...
compiling WifiRx_MMI_Analyize.c...
compiling WifiTx_FP.c...
compiling WifiTx_FPb.c...
compiling WifiTx_FR.c...
compiling Parameter.c...
compiling Parameter_ToolSn.c...
compiling Update.c...
compiling Parameter_WifiType.c...
compiling ef_port_hc32f460.c...
compiling user_easyflash.c...
compiling AuxiliaryTap_Tx.c...
compiling AuxiliaryTap_Rx.c...
compiling AuxiliaryHost_Tx.c...
compiling AuxiliaryHost_Rx.c...
compiling CommTester_Rx_Byte.c...
compiling CommTester_Rx_Frame.c...
compiling CommTester.c...
compiling CommTester_Tx_Frame.c...
compiling CommTester_Tx.c...
compiling BoosterPump.c...
compiling Temperature.c...
compiling Fault.c...
compiling AuxiliaryReport.c...
compiling GetHostInformation.c...
compiling GetTapInformation.c...
compiling Upload.c...
compiling ColdWaterAndSparklingWater.c...
compiling App.c...
compiling test.c...
compiling StrongRinse.c...
compiling UserState_Goto.c...
compiling OTA.c...
compiling UserMain.c...
compiling Thread_Wifi.c...
compiling user_VOFA.c...
linking...
Program Size: Code=65610 RO-data=4550 RW-data=5168 ZI-data=37320  
FromELF: creating hex file...
After Build - User command #1: D:\Keil_v5\ARM\ARMCC\bin\HexFileParse_V1.0.5.exe  "d:\hanqi.zhang\Git\wp2345\software\WP2373\Auxiliary\WP2373_APP\_HC32F460\output\..\Release\HexFileParseConfig_WP2373.json"
JsonConfigFilePath:d:\hanqi.zhang\Git\wp2345\software\WP2373\Auxiliary\WP2373_APP\_HC32F460\output\..\Release\HexFileParseConfig_WP2373.json
ProjectName:WP2373
BoardName:Auxiliary
MCUType:HC32F460
FrameWareVersion:4.0.0.1
App_AppFilePath:./output/WP2373_Auxiliary_HC32F460.hex
App_AppStartAddr:0x6000
AppInfo_FileAddrStart:0x4000
AppInfo_ProNameOffset:0x4000
AppInfo_VersionOffset:0x4010
AppInfo_FileSizeOffset:0x4020
AppInfo_FileCheckSumOffset:0x4024
AppInfo_CheckSumType:All
AppInfo_BoardNameOffset:4030
AppInfo_MCUTypeOffset:4040
AppOutHexFile_FilePath:./Release/
AppOutHexFile_CheckSumType:add
AppOutBinFile_FilePath:./Release/
AppOutBinFile_CheckSumType:add
BootInfo BootFilePath:./output/WP2373_BOOT_HC32F460.hex
BootInfo BootStartAddr:0
BootInfo BootFileSize:4000
MergeOption:true
MergeOutHexFilePath:./Release/
MergeOutBinFilePath:./Release/
Add AppInfo Success!
Create OutHexFile Success : ./Release/WP2373_Auxiliary_HC32F460_4.0.0.1_0x006E629D.hex
Create OutBinFile Success : ./Release/WP2373_Auxiliary_HC32F460_4.0.0.1_0x006E629D.bin
open hex file fail!

Get BootHex Data error!

".\output\WP2373_Auxiliary_HC32F460.axf" - 0 Error(s), 0 Warning(s).
Build Time Elapsed:  00:00:15
